This file contains any messages produced by compilers while
running configure, to aid debugging if configure makes a mistake.

It was created by configure, which was
generated by GNU Autoconf 2.68.  Invocation command line was

  $ ./configure 

## --------- ##
## Platform. ##
## --------- ##

hostname = gunter-ThinkPad-L15-Gen-3
uname -m = x86_64
uname -r = 5.15.0-89-generic
uname -s = Linux
uname -v = #99-Ubuntu SMP Mon Oct 30 20:42:41 UTC 2023

/usr/bin/uname -p = x86_64
/bin/uname -X     = unknown

/bin/arch              = x86_64
/usr/bin/arch -k       = unknown
/usr/convex/getsysinfo = unknown
/usr/bin/hostinfo      = unknown
/bin/machine           = unknown
/usr/bin/oslevel       = unknown
/bin/universe          = unknown

PATH: /opt/voc/bin
PATH: /home/gunter/.local/bin
PATH: /usr/local/sbin
PATH: /usr/local/bin
PATH: /usr/sbin
PATH: /usr/bin
PATH: /sbin
PATH: /bin
PATH: /usr/games
PATH: /usr/local/games
PATH: /snap/bin
PATH: /usr/local/go/bin


## ----------- ##
## Core tests. ##
## ----------- ##

configure:2428: checking for a BSD-compatible install
configure:2496: result: /usr/bin/install -c
configure:2507: checking whether build environment is sane
configure:2557: result: yes
configure:2698: checking for a thread-safe mkdir -p
configure:2737: result: /usr/bin/mkdir -p
configure:2750: checking for gawk
configure:2766: found /usr/bin/gawk
configure:2777: result: gawk
configure:2788: checking whether make sets $(MAKE)
configure:2810: result: yes
configure:2893: checking whether build environment is sane
configure:2943: result: yes
configure:2950: checking build system type
configure:2964: result: x86_64-unknown-linux-gnu
configure:2984: checking host system type
configure:2997: result: x86_64-unknown-linux-gnu
configure:3069: checking how to print strings
configure:3096: result: printf
configure:3129: checking for style of include used by make
configure:3157: result: GNU
configure:3227: checking for gcc
configure:3243: found /usr/bin/gcc
configure:3254: result: gcc
configure:3483: checking for C compiler version
configure:3492: gcc --version >&5
gcc (Ubuntu 11.4.0-1ubuntu1~22.04) 11.4.0
Copyright (C) 2021 Free Software Foundation, Inc.
This is free software; see the source for copying conditions.  There is NO
warranty; not even for MERCHANTABILITY or FITNESS FOR A PARTICULAR PURPOSE.

configure:3503: $? = 0
configure:3492: gcc -v >&5
Using built-in specs.
COLLECT_GCC=gcc
COLLECT_LTO_WRAPPER=/usr/lib/gcc/x86_64-linux-gnu/11/lto-wrapper
OFFLOAD_TARGET_NAMES=nvptx-none:amdgcn-amdhsa
OFFLOAD_TARGET_DEFAULT=1
Target: x86_64-linux-gnu
Configured with: ../src/configure -v --with-pkgversion='Ubuntu 11.4.0-1ubuntu1~22.04' --with-bugurl=file:///usr/share/doc/gcc-11/README.Bugs --enable-languages=c,ada,c++,go,brig,d,fortran,objc,obj-c++,m2 --prefix=/usr --with-gcc-major-version-only --program-suffix=-11 --program-prefix=x86_64-linux-gnu- --enable-shared --enable-linker-build-id --libexecdir=/usr/lib --without-included-gettext --enable-threads=posix --libdir=/usr/lib --enable-nls --enable-bootstrap --enable-clocale=gnu --enable-libstdcxx-debug --enable-libstdcxx-time=yes --with-default-libstdcxx-abi=new --enable-gnu-unique-object --disable-vtable-verify --enable-plugin --enable-default-pie --with-system-zlib --enable-libphobos-checking=release --with-target-system-zlib=auto --enable-objc-gc=auto --enable-multiarch --disable-werror --enable-cet --with-arch-32=i686 --with-abi=m64 --with-multilib-list=m32,m64,mx32 --enable-multilib --with-tune=generic --enable-offload-targets=nvptx-none=/build/gcc-11-XeT9lY/gcc-11-11.4.0/debian/tmp-nvptx/usr,amdgcn-amdhsa=/build/gcc-11-XeT9lY/gcc-11-11.4.0/debian/tmp-gcn/usr --without-cuda-driver --enable-checking=release --build=x86_64-linux-gnu --host=x86_64-linux-gnu --target=x86_64-linux-gnu --with-build-config=bootstrap-lto-lean --enable-link-serialization=2
Thread model: posix
Supported LTO compression algorithms: zlib zstd
gcc version 11.4.0 (Ubuntu 11.4.0-1ubuntu1~22.04) 
... rest of stderr output deleted ...
configure:3503: $? = 0
configure:3492: gcc -V >&5
gcc: error: unrecognized command-line option '-V'
gcc: fatal error: no input files
compilation terminated.
configure:3503: $? = 1
configure:3492: gcc -qversion >&5
gcc: error: unrecognized command-line option '-qversion'; did you mean '--version'?
gcc: fatal error: no input files
compilation terminated.
configure:3503: $? = 1
configure:3523: checking whether the C compiler works
configure:3545: gcc    conftest.c  >&5
configure:3549: $? = 0
configure:3597: result: yes
configure:3600: checking for C compiler default output file name
configure:3602: result: a.out
configure:3608: checking for suffix of executables
configure:3615: gcc -o conftest    conftest.c  >&5
configure:3619: $? = 0
configure:3641: result: 
configure:3663: checking whether we are cross compiling
configure:3671: gcc -o conftest    conftest.c  >&5
configure:3675: $? = 0
configure:3682: ./conftest
configure:3686: $? = 0
configure:3701: result: no
configure:3706: checking for suffix of object files
configure:3728: gcc -c   conftest.c >&5
configure:3732: $? = 0
configure:3753: result: o
configure:3757: checking whether we are using the GNU C compiler
configure:3776: gcc -c   conftest.c >&5
configure:3776: $? = 0
configure:3785: result: yes
configure:3794: checking whether gcc accepts -g
configure:3814: gcc -c -g  conftest.c >&5
configure:3814: $? = 0
configure:3855: result: yes
configure:3872: checking for gcc option to accept ISO C89
configure:3936: gcc  -c -g -O2  conftest.c >&5
configure:3936: $? = 0
configure:3949: result: none needed
configure:3971: checking dependency style of gcc
configure:4081: result: gcc3
configure:4096: checking for a sed that does not truncate output
configure:4160: result: /usr/bin/sed
configure:4178: checking for grep that handles long lines and -e
configure:4236: result: /usr/bin/grep
configure:4241: checking for egrep
configure:4303: result: /usr/bin/grep -E
configure:4308: checking for fgrep
configure:4370: result: /usr/bin/grep -F
configure:4405: checking for ld used by gcc
configure:4472: result: /usr/bin/ld
configure:4479: checking if the linker (/usr/bin/ld) is GNU ld
configure:4494: result: yes
configure:4506: checking for BSD- or MS-compatible name lister (nm)
configure:4555: result: /usr/bin/nm -B
configure:4685: checking the name lister (/usr/bin/nm -B) interface
configure:4692: gcc -c -g -O2  conftest.c >&5
configure:4695: /usr/bin/nm -B "conftest.o"
configure:4698: output
0000000000000000 B some_variable
configure:4705: result: BSD nm
configure:4708: checking whether ln -s works
configure:4712: result: yes
configure:4720: checking the maximum length of command line arguments
configure:4845: result: 1572864
configure:4862: checking whether the shell understands some XSI constructs
configure:4872: result: yes
configure:4876: checking whether the shell understands "+="
configure:4882: result: yes
configure:4917: checking how to convert x86_64-unknown-linux-gnu file names to x86_64-unknown-linux-gnu format
configure:4957: result: func_convert_file_noop
configure:4964: checking how to convert x86_64-unknown-linux-gnu file names to toolchain format
configure:4984: result: func_convert_file_noop
configure:4991: checking for /usr/bin/ld option to reload object files
configure:4998: result: -r
configure:5072: checking for objdump
configure:5088: found /usr/bin/objdump
configure:5099: result: objdump
configure:5131: checking how to recognize dependent libraries
configure:5333: result: pass_all
configure:5418: checking for dlltool
configure:5448: result: no
configure:5478: checking how to associate runtime and link libraries
configure:5505: result: printf %s\n
configure:5566: checking for ar
configure:5582: found /usr/bin/ar
configure:5593: result: ar
configure:5630: checking for archiver @FILE support
configure:5647: gcc -c -g -O2  conftest.c >&5
configure:5647: $? = 0
configure:5650: ar cru libconftest.a @conftest.lst >&5
ar: `u' modifier ignored since `D' is the default (see `U')
configure:5653: $? = 0
configure:5658: ar cru libconftest.a @conftest.lst >&5
ar: `u' modifier ignored since `D' is the default (see `U')
ar: conftest.o: No such file or directory
configure:5661: $? = 1
configure:5673: result: @
configure:5731: checking for strip
configure:5747: found /usr/bin/strip
configure:5758: result: strip
configure:5830: checking for ranlib
configure:5846: found /usr/bin/ranlib
configure:5857: result: ranlib
configure:5959: checking command to parse /usr/bin/nm -B output from gcc object
configure:6078: gcc -c -g -O2  conftest.c >&5
configure:6081: $? = 0
configure:6085: /usr/bin/nm -B conftest.o \| sed -n -e 's/^.*[ ]\([ABCDGIRSTW][ABCDGIRSTW]*\)[ ][ ]*\([_A-Za-z][_A-Za-z0-9]*\)$/\1 \2 \2/p' | sed '/ __gnu_lto/d' \> conftest.nm
configure:6088: $? = 0
configure:6154: gcc -o conftest -g -O2   conftest.c conftstm.o >&5
configure:6157: $? = 0
configure:6195: result: ok
configure:6232: checking for sysroot
configure:6262: result: no
configure:6339: gcc -c -g -O2  conftest.c >&5
configure:6342: $? = 0
configure:6505: checking for mt
configure:6521: found /usr/bin/mt
configure:6532: result: mt
configure:6555: checking if mt is a manifest tool
configure:6561: mt '-?'
configure:6569: result: no
configure:7201: checking how to run the C preprocessor
configure:7232: gcc -E  conftest.c
configure:7232: $? = 0
configure:7246: gcc -E  conftest.c
conftest.c:11:10: fatal error: ac_nonexistent.h: No such file or directory
   11 | #include <ac_nonexistent.h>
      |          ^~~~~~~~~~~~~~~~~~
compilation terminated.
configure:7246: $? = 1
configure: failed program was:
| /* confdefs.h */
| #define PACKAGE_NAME ""
| #define PACKAGE_TARNAME ""
| #define PACKAGE_VERSION ""
| #define PACKAGE_STRING ""
| #define PACKAGE_BUGREPORT ""
| #define PACKAGE_URL ""
| #define PACKAGE "elan"
| #define VERSION "1.11"
| /* end confdefs.h.  */
| #include <ac_nonexistent.h>
configure:7271: result: gcc -E
configure:7291: gcc -E  conftest.c
configure:7291: $? = 0
configure:7305: gcc -E  conftest.c
conftest.c:11:10: fatal error: ac_nonexistent.h: No such file or directory
   11 | #include <ac_nonexistent.h>
      |          ^~~~~~~~~~~~~~~~~~
compilation terminated.
configure:7305: $? = 1
configure: failed program was:
| /* confdefs.h */
| #define PACKAGE_NAME ""
| #define PACKAGE_TARNAME ""
| #define PACKAGE_VERSION ""
| #define PACKAGE_STRING ""
| #define PACKAGE_BUGREPORT ""
| #define PACKAGE_URL ""
| #define PACKAGE "elan"
| #define VERSION "1.11"
| /* end confdefs.h.  */
| #include <ac_nonexistent.h>
configure:7334: checking for ANSI C header files
configure:7354: gcc -c -g -O2  conftest.c >&5
configure:7354: $? = 0
configure:7427: gcc -o conftest -g -O2   conftest.c  >&5
configure:7427: $? = 0
configure:7427: ./conftest
configure:7427: $? = 0
configure:7438: result: yes
configure:7451: checking for sys/types.h
configure:7451: gcc -c -g -O2  conftest.c >&5
configure:7451: $? = 0
configure:7451: result: yes
configure:7451: checking for sys/stat.h
configure:7451: gcc -c -g -O2  conftest.c >&5
configure:7451: $? = 0
configure:7451: result: yes
configure:7451: checking for stdlib.h
configure:7451: gcc -c -g -O2  conftest.c >&5
configure:7451: $? = 0
configure:7451: result: yes
configure:7451: checking for string.h
configure:7451: gcc -c -g -O2  conftest.c >&5
configure:7451: $? = 0
configure:7451: result: yes
configure:7451: checking for memory.h
configure:7451: gcc -c -g -O2  conftest.c >&5
configure:7451: $? = 0
configure:7451: result: yes
configure:7451: checking for strings.h
configure:7451: gcc -c -g -O2  conftest.c >&5
configure:7451: $? = 0
configure:7451: result: yes
configure:7451: checking for inttypes.h
configure:7451: gcc -c -g -O2  conftest.c >&5
configure:7451: $? = 0
configure:7451: result: yes
configure:7451: checking for stdint.h
configure:7451: gcc -c -g -O2  conftest.c >&5
configure:7451: $? = 0
configure:7451: result: yes
configure:7451: checking for unistd.h
configure:7451: gcc -c -g -O2  conftest.c >&5
configure:7451: $? = 0
configure:7451: result: yes
configure:7465: checking for dlfcn.h
configure:7465: gcc -c -g -O2  conftest.c >&5
configure:7465: $? = 0
configure:7465: result: yes
configure:7652: checking for objdir
configure:7667: result: .libs
configure:7938: checking if gcc supports -fno-rtti -fno-exceptions
configure:7956: gcc -c -g -O2  -fno-rtti -fno-exceptions conftest.c >&5
cc1: warning: command-line option '-fno-rtti' is valid for C++/D/ObjC++ but not for C
configure:7960: $? = 0
configure:7973: result: no
configure:8283: checking for gcc option to produce PIC
configure:8290: result: -fPIC -DPIC
configure:8298: checking if gcc PIC flag -fPIC -DPIC works
configure:8316: gcc -c -g -O2  -fPIC -DPIC -DPIC conftest.c >&5
configure:8320: $? = 0
configure:8333: result: yes
configure:8362: checking if gcc static flag -static works
configure:8390: result: yes
configure:8405: checking if gcc supports -c -o file.o
configure:8426: gcc -c -g -O2  -o out/conftest2.o conftest.c >&5
configure:8430: $? = 0
configure:8452: result: yes
configure:8460: checking if gcc supports -c -o file.o
configure:8507: result: yes
configure:8540: checking whether the gcc linker (/usr/bin/ld -m elf_x86_64) supports shared libraries
configure:9694: result: yes
configure:9731: checking whether -lc should be explicitly linked in
configure:9739: gcc -c -g -O2  conftest.c >&5
configure:9742: $? = 0
configure:9757: gcc -shared  -fPIC -DPIC conftest.o  -v -Wl,-soname -Wl,conftest -o conftest 2\>\&1 \| /usr/bin/grep  -lc  \>/dev/null 2\>\&1
configure:9760: $? = 0
configure:9774: result: no
configure:9939: checking dynamic linker characteristics
configure:10449: gcc -o conftest -g -O2   -Wl,-rpath -Wl,/foo conftest.c  >&5
configure:10449: $? = 0
configure:10671: result: GNU/Linux ld.so
configure:10778: checking how to hardcode library paths into programs
configure:10803: result: immediate
configure:11343: checking whether stripping libraries is possible
configure:11348: result: yes
configure:11383: checking if libtool supports shared libraries
configure:11385: result: yes
configure:11388: checking whether to build shared libraries
configure:11409: result: yes
configure:11412: checking whether to build static libraries
configure:11416: result: yes
configure:11501: checking for gcc
configure:11528: result: gcc
configure:11757: checking for C compiler version
configure:11766: gcc --version >&5
gcc (Ubuntu 11.4.0-1ubuntu1~22.04) 11.4.0
Copyright (C) 2021 Free Software Foundation, Inc.
This is free software; see the source for copying conditions.  There is NO
warranty; not even for MERCHANTABILITY or FITNESS FOR A PARTICULAR PURPOSE.

configure:11777: $? = 0
configure:11766: gcc -v >&5
Using built-in specs.
COLLECT_GCC=gcc
COLLECT_LTO_WRAPPER=/usr/lib/gcc/x86_64-linux-gnu/11/lto-wrapper
OFFLOAD_TARGET_NAMES=nvptx-none:amdgcn-amdhsa
OFFLOAD_TARGET_DEFAULT=1
Target: x86_64-linux-gnu
Configured with: ../src/configure -v --with-pkgversion='Ubuntu 11.4.0-1ubuntu1~22.04' --with-bugurl=file:///usr/share/doc/gcc-11/README.Bugs --enable-languages=c,ada,c++,go,brig,d,fortran,objc,obj-c++,m2 --prefix=/usr --with-gcc-major-version-only --program-suffix=-11 --program-prefix=x86_64-linux-gnu- --enable-shared --enable-linker-build-id --libexecdir=/usr/lib --without-included-gettext --enable-threads=posix --libdir=/usr/lib --enable-nls --enable-bootstrap --enable-clocale=gnu --enable-libstdcxx-debug --enable-libstdcxx-time=yes --with-default-libstdcxx-abi=new --enable-gnu-unique-object --disable-vtable-verify --enable-plugin --enable-default-pie --with-system-zlib --enable-libphobos-checking=release --with-target-system-zlib=auto --enable-objc-gc=auto --enable-multiarch --disable-werror --enable-cet --with-arch-32=i686 --with-abi=m64 --with-multilib-list=m32,m64,mx32 --enable-multilib --with-tune=generic --enable-offload-targets=nvptx-none=/build/gcc-11-XeT9lY/gcc-11-11.4.0/debian/tmp-nvptx/usr,amdgcn-amdhsa=/build/gcc-11-XeT9lY/gcc-11-11.4.0/debian/tmp-gcn/usr --without-cuda-driver --enable-checking=release --build=x86_64-linux-gnu --host=x86_64-linux-gnu --target=x86_64-linux-gnu --with-build-config=bootstrap-lto-lean --enable-link-serialization=2
Thread model: posix
Supported LTO compression algorithms: zlib zstd
gcc version 11.4.0 (Ubuntu 11.4.0-1ubuntu1~22.04) 
... rest of stderr output deleted ...
configure:11777: $? = 0
configure:11766: gcc -V >&5
gcc: error: unrecognized command-line option '-V'
gcc: fatal error: no input files
compilation terminated.
configure:11777: $? = 1
configure:11766: gcc -qversion >&5
gcc: error: unrecognized command-line option '-qversion'; did you mean '--version'?
gcc: fatal error: no input files
compilation terminated.
configure:11777: $? = 1
configure:11781: checking whether we are using the GNU C compiler
configure:11809: result: yes
configure:11818: checking whether gcc accepts -g
configure:11879: result: yes
configure:11896: checking for gcc option to accept ISO C89
configure:11973: result: none needed
configure:11995: checking dependency style of gcc
configure:12105: result: gcc3
configure:12123: checking what libtool found for hardcoding paths of runtime libraries
configure:12146: result: nothing
configure:12152: checking for dcg
configure:12171: found /usr/local/bin/dcg
configure:12183: result: /usr/local/bin/dcg
configure:12352: checking for X
configure:12460: gcc -E  conftest.c
configure:12460: $? = 0
configure:12491: gcc -o conftest -g -O2   conftest.c -lX11  >&5
configure:12491: $? = 0
configure:12541: result: libraries , headers 
configure:12550: checking for ANSI C header files
configure:12654: result: yes
configure:12665: checking for stdlib.h
configure:12665: result: yes
configure:12665: checking malloc.h usability
configure:12665: gcc -c -g -O2  conftest.c >&5
configure:12665: $? = 0
configure:12665: result: yes
configure:12665: checking malloc.h presence
configure:12665: gcc -E  conftest.c
configure:12665: $? = 0
configure:12665: result: yes
configure:12665: checking for malloc.h
configure:12665: result: yes
configure:12665: checking ctype.h usability
configure:12665: gcc -c -g -O2  conftest.c >&5
configure:12665: $? = 0
configure:12665: result: yes
configure:12665: checking ctype.h presence
configure:12665: gcc -E  conftest.c
configure:12665: $? = 0
configure:12665: result: yes
configure:12665: checking for ctype.h
configure:12665: result: yes
configure:12665: checking for sys/types.h
configure:12665: result: yes
configure:12665: checking sys/time.h usability
configure:12665: gcc -c -g -O2  conftest.c >&5
configure:12665: $? = 0
configure:12665: result: yes
configure:12665: checking sys/time.h presence
configure:12665: gcc -E  conftest.c
configure:12665: $? = 0
configure:12665: result: yes
configure:12665: checking for sys/time.h
configure:12665: result: yes
configure:12665: checking sys/param.h usability
configure:12665: gcc -c -g -O2  conftest.c >&5
configure:12665: $? = 0
configure:12665: result: yes
configure:12665: checking sys/param.h presence
configure:12665: gcc -E  conftest.c
configure:12665: $? = 0
configure:12665: result: yes
configure:12665: checking for sys/param.h
configure:12665: result: yes
configure:12678: checking for unistd.h
configure:12678: result: yes
configure:12678: checking limits.h usability
configure:12678: gcc -c -g -O2  conftest.c >&5
configure:12678: $? = 0
configure:12678: result: yes
configure:12678: checking limits.h presence
configure:12678: gcc -E  conftest.c
configure:12678: $? = 0
configure:12678: result: yes
configure:12678: checking for limits.h
configure:12678: result: yes
configure:12678: checking float.h usability
configure:12678: gcc -c -g -O2  conftest.c >&5
configure:12678: $? = 0
configure:12678: result: yes
configure:12678: checking float.h presence
configure:12678: gcc -E  conftest.c
configure:12678: $? = 0
configure:12678: result: yes
configure:12678: checking for float.h
configure:12678: result: yes
configure:12678: checking netdb.h usability
configure:12678: gcc -c -g -O2  conftest.c >&5
configure:12678: $? = 0
configure:12678: result: yes
configure:12678: checking netdb.h presence
configure:12678: gcc -E  conftest.c
configure:12678: $? = 0
configure:12678: result: yes
configure:12678: checking for netdb.h
configure:12678: result: yes
configure:12691: checking termios.h usability
configure:12691: gcc -c -g -O2  conftest.c >&5
configure:12691: $? = 0
configure:12691: result: yes
configure:12691: checking termios.h presence
configure:12691: gcc -E  conftest.c
configure:12691: $? = 0
configure:12691: result: yes
configure:12691: checking for termios.h
configure:12691: result: yes
configure:12691: checking sys/ioctl.h usability
configure:12691: gcc -c -g -O2  conftest.c >&5
configure:12691: $? = 0
configure:12691: result: yes
configure:12691: checking sys/ioctl.h presence
configure:12691: gcc -E  conftest.c
configure:12691: $? = 0
configure:12691: result: yes
configure:12691: checking for sys/ioctl.h
configure:12691: result: yes
configure:12704: checking sys/resource.h usability
configure:12704: gcc -c -g -O2  conftest.c >&5
configure:12704: $? = 0
configure:12704: result: yes
configure:12704: checking sys/resource.h presence
configure:12704: gcc -E  conftest.c
configure:12704: $? = 0
configure:12704: result: yes
configure:12704: checking for sys/resource.h
configure:12704: result: yes
configure:12704: checking sys/wait.h usability
configure:12704: gcc -c -g -O2  conftest.c >&5
configure:12704: $? = 0
configure:12704: result: yes
configure:12704: checking sys/wait.h presence
configure:12704: gcc -E  conftest.c
configure:12704: $? = 0
configure:12704: result: yes
configure:12704: checking for sys/wait.h
configure:12704: result: yes
configure:12715: checking whether byte ordering is bigendian
configure:12730: gcc -c -g -O2  conftest.c >&5
conftest.c:39:16: error: unknown type name 'not'
   39 |                not a universal capable compiler
      |                ^~~
conftest.c:39:22: error: expected '=', ',', ';', 'asm' or '__attribute__' before 'universal'
   39 |                not a universal capable compiler
      |                      ^~~~~~~~~
conftest.c:39:22: error: unknown type name 'universal'
configure:12730: $? = 1
configure: failed program was:
| /* confdefs.h */
| #define PACKAGE_NAME ""
| #define PACKAGE_TARNAME ""
| #define PACKAGE_VERSION ""
| #define PACKAGE_STRING ""
| #define PACKAGE_BUGREPORT ""
| #define PACKAGE_URL ""
| #define PACKAGE "elan"
| #define VERSION "1.11"
| #define STDC_HEADERS 1
| #define HAVE_SYS_TYPES_H 1
| #define HAVE_SYS_STAT_H 1
| #define HAVE_STDLIB_H 1
| #define HAVE_STRING_H 1
| #define HAVE_MEMORY_H 1
| #define HAVE_STRINGS_H 1
| #define HAVE_INTTYPES_H 1
| #define HAVE_STDINT_H 1
| #define HAVE_UNISTD_H 1
| #define HAVE_DLFCN_H 1
| #define LT_OBJDIR ".libs/"
| #define STDC_HEADERS 1
| #define HAVE_STDLIB_H 1
| #define HAVE_MALLOC_H 1
| #define HAVE_CTYPE_H 1
| #define HAVE_SYS_TYPES_H 1
| #define HAVE_SYS_TIME_H 1
| #define HAVE_SYS_PARAM_H 1
| #define HAVE_UNISTD_H 1
| #define HAVE_LIMITS_H 1
| #define HAVE_FLOAT_H 1
| #define HAVE_NETDB_H 1
| #define HAVE_TERMIOS_H 1
| #define HAVE_SYS_IOCTL_H 1
| #define HAVE_SYS_RESOURCE_H 1
| #define HAVE_SYS_WAIT_H 1
| /* end confdefs.h.  */
| #ifndef __APPLE_CC__
| 	       not a universal capable compiler
| 	     #endif
| 	     typedef int dummy;
| 
configure:12775: gcc -c -g -O2  conftest.c >&5
configure:12775: $? = 0
configure:12793: gcc -c -g -O2  conftest.c >&5
conftest.c: In function 'main':
conftest.c:45:18: error: unknown type name 'not'; did you mean 'ino_t'?
   45 |                  not big endian
      |                  ^~~
      |                  ino_t
conftest.c:45:26: error: expected '=', ',', ';', 'asm' or '__attribute__' before 'endian'
   45 |                  not big endian
      |                          ^~~~~~
configure:12793: $? = 1
configure: failed program was:
| /* confdefs.h */
| #define PACKAGE_NAME ""
| #define PACKAGE_TARNAME ""
| #define PACKAGE_VERSION ""
| #define PACKAGE_STRING ""
| #define PACKAGE_BUGREPORT ""
| #define PACKAGE_URL ""
| #define PACKAGE "elan"
| #define VERSION "1.11"
| #define STDC_HEADERS 1
| #define HAVE_SYS_TYPES_H 1
| #define HAVE_SYS_STAT_H 1
| #define HAVE_STDLIB_H 1
| #define HAVE_STRING_H 1
| #define HAVE_MEMORY_H 1
| #define HAVE_STRINGS_H 1
| #define HAVE_INTTYPES_H 1
| #define HAVE_STDINT_H 1
| #define HAVE_UNISTD_H 1
| #define HAVE_DLFCN_H 1
| #define LT_OBJDIR ".libs/"
| #define STDC_HEADERS 1
| #define HAVE_STDLIB_H 1
| #define HAVE_MALLOC_H 1
| #define HAVE_CTYPE_H 1
| #define HAVE_SYS_TYPES_H 1
| #define HAVE_SYS_TIME_H 1
| #define HAVE_SYS_PARAM_H 1
| #define HAVE_UNISTD_H 1
| #define HAVE_LIMITS_H 1
| #define HAVE_FLOAT_H 1
| #define HAVE_NETDB_H 1
| #define HAVE_TERMIOS_H 1
| #define HAVE_SYS_IOCTL_H 1
| #define HAVE_SYS_RESOURCE_H 1
| #define HAVE_SYS_WAIT_H 1
| /* end confdefs.h.  */
| #include <sys/types.h>
| 		#include <sys/param.h>
| 
| int
| main ()
| {
| #if BYTE_ORDER != BIG_ENDIAN
| 		 not big endian
| 		#endif
| 
|   ;
|   return 0;
| }
configure:12921: result: no
configure:12943: checking size of char *
configure:12948: gcc -o conftest -g -O2   conftest.c  >&5
configure:12948: $? = 0
configure:12948: ./conftest
configure:12948: $? = 0
configure:12962: result: 8
configure:12972: checking whether time.h and sys/time.h may both be included
configure:12992: gcc -c -g -O2  conftest.c >&5
configure:12992: $? = 0
configure:12999: result: yes
configure:13010: checking for vprintf
configure:13010: gcc -o conftest -g -O2   conftest.c  >&5
conftest.c:63:6: warning: conflicting types for built-in function 'vprintf'; expected 'int(const char *, __va_list_tag *)' [-Wbuiltin-declaration-mismatch]
   63 | char vprintf ();
      |      ^~~~~~~
conftest.c:51:1: note: 'vprintf' is declared in header '<stdio.h>'
   50 | # include <limits.h>
   51 | #else
configure:13010: $? = 0
configure:13010: result: yes
configure:13016: checking for _doprnt
configure:13016: gcc -o conftest -g -O2   conftest.c  >&5
/usr/bin/ld: /tmp/ccDAh2z3.o: in function `main':
/home/gunter/GM_Programming/Languages/ELAN/elan-1.11/conftest.c:75: undefined reference to `_doprnt'
collect2: error: ld returned 1 exit status
configure:13016: $? = 1
configure: failed program was:
| /* confdefs.h */
| #define PACKAGE_NAME ""
| #define PACKAGE_TARNAME ""
| #define PACKAGE_VERSION ""
| #define PACKAGE_STRING ""
| #define PACKAGE_BUGREPORT ""
| #define PACKAGE_URL ""
| #define PACKAGE "elan"
| #define VERSION "1.11"
| #define STDC_HEADERS 1
| #define HAVE_SYS_TYPES_H 1
| #define HAVE_SYS_STAT_H 1
| #define HAVE_STDLIB_H 1
| #define HAVE_STRING_H 1
| #define HAVE_MEMORY_H 1
| #define HAVE_STRINGS_H 1
| #define HAVE_INTTYPES_H 1
| #define HAVE_STDINT_H 1
| #define HAVE_UNISTD_H 1
| #define HAVE_DLFCN_H 1
| #define LT_OBJDIR ".libs/"
| #define STDC_HEADERS 1
| #define HAVE_STDLIB_H 1
| #define HAVE_MALLOC_H 1
| #define HAVE_CTYPE_H 1
| #define HAVE_SYS_TYPES_H 1
| #define HAVE_SYS_TIME_H 1
| #define HAVE_SYS_PARAM_H 1
| #define HAVE_UNISTD_H 1
| #define HAVE_LIMITS_H 1
| #define HAVE_FLOAT_H 1
| #define HAVE_NETDB_H 1
| #define HAVE_TERMIOS_H 1
| #define HAVE_SYS_IOCTL_H 1
| #define HAVE_SYS_RESOURCE_H 1
| #define HAVE_SYS_WAIT_H 1
| #define SIZEOF_CHAR_P 8
| #define TIME_WITH_SYS_TIME 1
| #define HAVE_VPRINTF 1
| /* end confdefs.h.  */
| /* Define _doprnt to an innocuous variant, in case <limits.h> declares _doprnt.
|    For example, HP-UX 11i <limits.h> declares gettimeofday.  */
| #define _doprnt innocuous__doprnt
| 
| /* System header to define __stub macros and hopefully few prototypes,
|     which can conflict with char _doprnt (); below.
|     Prefer <limits.h> to <assert.h> if __STDC__ is defined, since
|     <limits.h> exists even on freestanding compilers.  */
| 
| #ifdef __STDC__
| # include <limits.h>
| #else
| # include <assert.h>
| #endif
| 
| #undef _doprnt
| 
| /* Override any GCC internal prototype to avoid an error.
|    Use char because int might match the return type of a GCC
|    builtin and then its argument prototype would still apply.  */
| #ifdef __cplusplus
| extern "C"
| #endif
| char _doprnt ();
| /* The GNU C library defines this for functions which it implements
|     to always fail with ENOSYS.  Some functions are actually named
|     something starting with __ and the normal name is an alias.  */
| #if defined __stub__doprnt || defined __stub____doprnt
| choke me
| #endif
| 
| int
| main ()
| {
| return _doprnt ();
|   ;
|   return 0;
| }
configure:13016: result: no
configure:13028: checking for pow in -lm
configure:13053: gcc -o conftest -g -O2   conftest.c -lm   >&5
conftest.c:48:6: warning: conflicting types for built-in function 'pow'; expected 'double(double,  double)' [-Wbuiltin-declaration-mismatch]
   48 | char pow ();
      |      ^~~
conftest.c:1:1: note: 'pow' is declared in header '<math.h>'
    1 | /* confdefs.h */
configure:13053: $? = 0
configure:13062: result: yes
configure:13190: checking whether make sets $(MAKE)
configure:13212: result: yes
configure:13363: creating ./config.status

## ---------------------- ##
## Running config.status. ##
## ---------------------- ##

This file was extended by config.status, which was
generated by GNU Autoconf 2.68.  Invocation command line was

  CONFIG_FILES    = 
  CONFIG_HEADERS  = 
  CONFIG_LINKS    = 
  CONFIG_COMMANDS = 
  $ ./config.status 

on gunter-ThinkPad-L15-Gen-3

config.status:1138: creating Makefile
config.status:1138: creating manuals/Makefile
config.status:1138: creating manuals/common/Makefile
config.status:1138: creating manuals/language/Makefile
config.status:1138: creating manuals/compiler/Makefile
config.status:1138: creating manuals/man1/Makefile
config.status:1138: creating erts/Makefile
config.status:1138: creating gen/Makefile
config.status:1138: creating prelude/Makefile
config.status:1138: creating esocket/Makefile
config.status:1138: creating ethread/Makefile
config.status:1138: creating egraphics/Makefile
config.status:1138: creating scripts/Makefile
config.status:1138: creating exp/Makefile
config.status:1138: creating config.h
config.status:1319: config.h is unchanged
config.status:1367: executing depfiles commands
config.status:1367: executing libtool commands

## ---------------- ##
## Cache variables. ##
## ---------------- ##

ac_cv_build=x86_64-unknown-linux-gnu
ac_cv_c_bigendian=no
ac_cv_c_compiler_gnu=yes
ac_cv_env_CC_set=
ac_cv_env_CC_value=
ac_cv_env_CFLAGS_set=
ac_cv_env_CFLAGS_value=
ac_cv_env_CPPFLAGS_set=
ac_cv_env_CPPFLAGS_value=
ac_cv_env_CPP_set=
ac_cv_env_CPP_value=
ac_cv_env_LDFLAGS_set=
ac_cv_env_LDFLAGS_value=
ac_cv_env_LIBS_set=
ac_cv_env_LIBS_value=
ac_cv_env_XMKMF_set=
ac_cv_env_XMKMF_value=
ac_cv_env_build_alias_set=
ac_cv_env_build_alias_value=
ac_cv_env_host_alias_set=
ac_cv_env_host_alias_value=
ac_cv_env_target_alias_set=
ac_cv_env_target_alias_value=
ac_cv_func__doprnt=no
ac_cv_func_vprintf=yes
ac_cv_have_x='have_x=yes	ac_x_includes='\'''\''	ac_x_libraries='\'''\'''
ac_cv_header_ctype_h=yes
ac_cv_header_dlfcn_h=yes
ac_cv_header_float_h=yes
ac_cv_header_inttypes_h=yes
ac_cv_header_limits_h=yes
ac_cv_header_malloc_h=yes
ac_cv_header_memory_h=yes
ac_cv_header_netdb_h=yes
ac_cv_header_stdc=yes
ac_cv_header_stdint_h=yes
ac_cv_header_stdlib_h=yes
ac_cv_header_string_h=yes
ac_cv_header_strings_h=yes
ac_cv_header_sys_ioctl_h=yes
ac_cv_header_sys_param_h=yes
ac_cv_header_sys_resource_h=yes
ac_cv_header_sys_stat_h=yes
ac_cv_header_sys_time_h=yes
ac_cv_header_sys_types_h=yes
ac_cv_header_sys_wait_h=yes
ac_cv_header_termios_h=yes
ac_cv_header_time=yes
ac_cv_header_unistd_h=yes
ac_cv_host=x86_64-unknown-linux-gnu
ac_cv_lib_m_pow=yes
ac_cv_objext=o
ac_cv_path_DCG=/usr/local/bin/dcg
ac_cv_path_EGREP='/usr/bin/grep -E'
ac_cv_path_FGREP='/usr/bin/grep -F'
ac_cv_path_GREP=/usr/bin/grep
ac_cv_path_SED=/usr/bin/sed
ac_cv_path_install='/usr/bin/install -c'
ac_cv_path_mkdir=/usr/bin/mkdir
ac_cv_prog_AWK=gawk
ac_cv_prog_CPP='gcc -E'
ac_cv_prog_ac_ct_AR=ar
ac_cv_prog_ac_ct_CC=gcc
ac_cv_prog_ac_ct_MANIFEST_TOOL=mt
ac_cv_prog_ac_ct_OBJDUMP=objdump
ac_cv_prog_ac_ct_RANLIB=ranlib
ac_cv_prog_ac_ct_STRIP=strip
ac_cv_prog_cc_c89=
ac_cv_prog_cc_g=yes
ac_cv_prog_make_make_set=yes
ac_cv_sizeof_char_p=8
am_cv_CC_dependencies_compiler_type=gcc3
lt_cv_ar_at_file=@
lt_cv_archive_cmds_need_lc=no
lt_cv_deplibs_check_method=pass_all
lt_cv_file_magic_cmd='$MAGIC_CMD'
lt_cv_file_magic_test_file=
lt_cv_ld_reload_flag=-r
lt_cv_nm_interface='BSD nm'
lt_cv_objdir=.libs
lt_cv_path_LD=/usr/bin/ld
lt_cv_path_NM='/usr/bin/nm -B'
lt_cv_path_mainfest_tool=no
lt_cv_prog_compiler_c_o=yes
lt_cv_prog_compiler_pic='-fPIC -DPIC'
lt_cv_prog_compiler_pic_works=yes
lt_cv_prog_compiler_rtti_exceptions=no
lt_cv_prog_compiler_static_works=yes
lt_cv_prog_gnu_ld=yes
lt_cv_sharedlib_from_linklib_cmd='printf %s\n'
lt_cv_shlibpath_overrides_runpath=yes
lt_cv_sys_global_symbol_pipe='sed -n -e '\''s/^.*[	 ]\([ABCDGIRSTW][ABCDGIRSTW]*\)[	 ][	 ]*\([_A-Za-z][_A-Za-z0-9]*\)$/\1 \2 \2/p'\'' | sed '\''/ __gnu_lto/d'\'''
lt_cv_sys_global_symbol_to_c_name_address='sed -n -e '\''s/^: \([^ ]*\)[ ]*$/  {\"\1\", (void *) 0},/p'\'' -e '\''s/^[ABCDGIRSTW]* \([^ ]*\) \([^ ]*\)$/  {"\2", (void *) \&\2},/p'\'''
lt_cv_sys_global_symbol_to_c_name_address_lib_prefix='sed -n -e '\''s/^: \([^ ]*\)[ ]*$/  {\"\1\", (void *) 0},/p'\'' -e '\''s/^[ABCDGIRSTW]* \([^ ]*\) \(lib[^ ]*\)$/  {"\2", (void *) \&\2},/p'\'' -e '\''s/^[ABCDGIRSTW]* \([^ ]*\) \([^ ]*\)$/  {"lib\2", (void *) \&\2},/p'\'''
lt_cv_sys_global_symbol_to_cdecl='sed -n -e '\''s/^T .* \(.*\)$/extern int \1();/p'\'' -e '\''s/^[ABCDGIRSTW]* .* \(.*\)$/extern char \1;/p'\'''
lt_cv_sys_max_cmd_len=1572864
lt_cv_to_host_file_cmd=func_convert_file_noop
lt_cv_to_tool_file_cmd=func_convert_file_noop

## ----------------- ##
## Output variables. ##
## ----------------- ##

ACLOCAL='${SHELL} /home/gunter/GM_Programming/Languages/ELAN/elan-1.11/missing --run aclocal-1.11'
AMDEPBACKSLASH='\'
AMDEP_FALSE='#'
AMDEP_TRUE=''
AMTAR='${SHELL} /home/gunter/GM_Programming/Languages/ELAN/elan-1.11/missing --run tar'
AR='ar'
AUTOCONF='${SHELL} /home/gunter/GM_Programming/Languages/ELAN/elan-1.11/missing --run autoconf'
AUTOHEADER='${SHELL} /home/gunter/GM_Programming/Languages/ELAN/elan-1.11/missing --run autoheader'
AUTOMAKE='${SHELL} /home/gunter/GM_Programming/Languages/ELAN/elan-1.11/missing --run automake-1.11'
AWK='gawk'
CC='gcc'
CCDEPMODE='depmode=gcc3'
CFLAGS='-g -O2'
CPP='gcc -E'
CPPFLAGS=''
CURSES_LIB=''
CURSES_OPT=''
CYGPATH_W='echo'
DBG_OPT='-O'
DCG='/usr/local/bin/dcg'
DCG_IPATH='/usr/local/share/dcg/include'
DCG_LPATH='/usr/local/lib'
DEFS='-DHAVE_CONFIG_H'
DEPDIR='.deps'
DLLTOOL='false'
DSYMUTIL=''
DUMPBIN=''
ECHO_C=''
ECHO_N='-n'
ECHO_T=''
EGREP='/usr/bin/grep -E'
EXEEXT=''
FGREP='/usr/bin/grep -F'
GREP='/usr/bin/grep'
INSTALL_DATA='${INSTALL} -m 644'
INSTALL_GRAPHICS_FALSE=''
INSTALL_GRAPHICS_TRUE='#'
INSTALL_PROGRAM='${INSTALL}'
INSTALL_SCRIPT='${INSTALL}'
INSTALL_SOCKET_FALSE=''
INSTALL_SOCKET_TRUE='#'
INSTALL_STRIP_PROGRAM='$(install_sh) -c -s'
INSTALL_THREADS_FALSE=''
INSTALL_THREADS_TRUE='#'
LD='/usr/bin/ld -m elf_x86_64'
LDFLAGS=''
LIBOBJS=''
LIBS='-lm '
LIBTOOL='$(SHELL) $(top_builddir)/libtool'
LIBTOOL_DEPS='./ltmain.sh'
LIPO=''
LN_S='ln -s'
LTLIBOBJS=''
MAKEINFO='${SHELL} /home/gunter/GM_Programming/Languages/ELAN/elan-1.11/missing --run makeinfo'
MANIFEST_TOOL=':'
MKDIR_P='/usr/bin/mkdir -p'
NM='/usr/bin/nm -B'
NMEDIT=''
OBJDUMP='objdump'
OBJEXT='o'
OTOOL64=''
OTOOL=''
PACKAGE='elan'
PACKAGE_BUGREPORT=''
PACKAGE_NAME=''
PACKAGE_STRING=''
PACKAGE_TARNAME=''
PACKAGE_URL=''
PACKAGE_VERSION=''
PATH_SEPARATOR=':'
RANLIB='ranlib'
SED='/usr/bin/sed'
SET_MAKE=''
SHELL='/bin/bash'
STRIP='strip'
TCPU='x86_64'
THREADS_OPT=''
TOS='linux-gnu'
VERSION='1.11'
X11IDIR=''
X11LDIR=''
XMKMF=''
ac_ct_AR='ar'
ac_ct_CC='gcc'
ac_ct_DUMPBIN=''
am__EXEEXT_FALSE=''
am__EXEEXT_TRUE='#'
am__fastdepCC_FALSE='#'
am__fastdepCC_TRUE=''
am__include='include'
am__isrc=''
am__leading_dot='.'
am__quote=''
am__tar='${AMTAR} chof - "$$tardir"'
am__untar='${AMTAR} xf -'
bindir='${exec_prefix}/bin'
build='x86_64-unknown-linux-gnu'
build_alias=''
build_cpu='x86_64'
build_os='linux-gnu'
build_vendor='unknown'
datadir='${datarootdir}'
datarootdir='${prefix}/share'
docdir='${datarootdir}/doc/${PACKAGE}'
dvidir='${docdir}'
exec_prefix='${prefix}'
host='x86_64-unknown-linux-gnu'
host_alias=''
host_cpu='x86_64'
host_os='linux-gnu'
host_vendor='unknown'
htmldir='${docdir}'
includedir='${prefix}/include'
infodir='${datarootdir}/info'
install_sh='${SHELL} /home/gunter/GM_Programming/Languages/ELAN/elan-1.11/install-sh'
libdir='${exec_prefix}/lib'
libexecdir='${exec_prefix}/libexec'
localedir='${datarootdir}/locale'
localstatedir='${prefix}/var'
mandir='${datarootdir}/man'
mkdir_p='/usr/bin/mkdir -p'
oldincludedir='/usr/include'
pdfdir='${docdir}'
prefix='/usr/local'
program_transform_name='s,x,x,'
psdir='${docdir}'
sbindir='${exec_prefix}/sbin'
sharedstatedir='${prefix}/com'
sysconfdir='${prefix}/etc'
target_alias=''

## ----------- ##
## confdefs.h. ##
## ----------- ##

/* confdefs.h */
#define PACKAGE_NAME ""
#define PACKAGE_TARNAME ""
#define PACKAGE_VERSION ""
#define PACKAGE_STRING ""
#define PACKAGE_BUGREPORT ""
#define PACKAGE_URL ""
#define PACKAGE "elan"
#define VERSION "1.11"
#define STDC_HEADERS 1
#define HAVE_SYS_TYPES_H 1
#define HAVE_SYS_STAT_H 1
#define HAVE_STDLIB_H 1
#define HAVE_STRING_H 1
#define HAVE_MEMORY_H 1
#define HAVE_STRINGS_H 1
#define HAVE_INTTYPES_H 1
#define HAVE_STDINT_H 1
#define HAVE_UNISTD_H 1
#define HAVE_DLFCN_H 1
#define LT_OBJDIR ".libs/"
#define STDC_HEADERS 1
#define HAVE_STDLIB_H 1
#define HAVE_MALLOC_H 1
#define HAVE_CTYPE_H 1
#define HAVE_SYS_TYPES_H 1
#define HAVE_SYS_TIME_H 1
#define HAVE_SYS_PARAM_H 1
#define HAVE_UNISTD_H 1
#define HAVE_LIMITS_H 1
#define HAVE_FLOAT_H 1
#define HAVE_NETDB_H 1
#define HAVE_TERMIOS_H 1
#define HAVE_SYS_IOCTL_H 1
#define HAVE_SYS_RESOURCE_H 1
#define HAVE_SYS_WAIT_H 1
#define SIZEOF_CHAR_P 8
#define TIME_WITH_SYS_TIME 1
#define HAVE_VPRINTF 1
#define HAVE_LIBM 1

configure: exit 0
